app/build/intermediates/manifest_merge_blame_file/debug/manifest-merger-blame-debug-report.txt
1<?xml version="1.0" encoding="utf-8"?>
2<manifest xmlns:android="http://schemas.android.com/apk/res/android"
3    package="com.example.mediaplayer"
4    android:versionCode="1"
5    android:versionName="1.0" >
6
7    <uses-sdk
8        android:minSdkVersion="26"
8-->src/main/AndroidManifest.xml
9        android:targetSdkVersion="29" />
9-->src/main/AndroidManifest.xml
10
11    <uses-permission-sdk-23 android:name="android.permission.READ_EXTERNAL_STORAGE" />
11-->src/main/AndroidManifest.xml:5:5-7:10
11-->src/main/AndroidManifest.xml:6:9-64
12    <uses-permission-sdk-23 android:name="android.permission.WRITE_EXTERNAL_STORAGE" />
12-->src/main/AndroidManifest.xml:8:5-10:11
12-->src/main/AndroidManifest.xml:9:9-65
13    <uses-permission-sdk-23 android:name="android.permission.INTERNET" />
13-->src/main/AndroidManifest.xml:12:5-74
13-->src/main/AndroidManifest.xml:12:29-71
14    <uses-permission-sdk-23 android:name="android.permission.WAKE_LOCK" />
14-->src/main/AndroidManifest.xml:14:5-75
14-->src/main/AndroidManifest.xml:14:29-72
15
16    <application
16-->src/main/AndroidManifest.xml:17:5-31:19
17        android:allowBackup="true"
17-->src/main/AndroidManifest.xml:18:9-35
18        android:appComponentFactory="androidx.core.app.CoreComponentFactory"
18-->[androidx.core:core:1.1.0] AndroidManifest.xml:24:18-86
19        android:debuggable="true"
20        android:extractNativeLibs="false"
21        android:icon="@mipmap/ic_launcher"
21-->src/main/AndroidManifest.xml:19:9-43
22        android:label="@string/app_name"
22-->src/main/AndroidManifest.xml:20:9-41
23        android:roundIcon="@mipmap/ic_launcher_round"
23-->src/main/AndroidManifest.xml:21:9-54
24        android:supportsRtl="true"
24-->src/main/AndroidManifest.xml:22:9-35
25        android:testOnly="true"
26        android:theme="@style/Theme.MediaPlayer" >
26-->src/main/AndroidManifest.xml:23:9-49
27        <activity android:name="com.example.mediaplayer.MainActivity" >
27-->src/main/AndroidManifest.xml:24:9-30:20
27-->src/main/AndroidManifest.xml:24:19-47
28            <intent-filter>
28-->src/main/AndroidManifest.xml:25:13-29:29
29                <action android:name="android.intent.action.MAIN" />
29-->src/main/AndroidManifest.xml:26:17-69
29-->src/main/AndroidManifest.xml:26:25-66
30
31                <category android:name="android.intent.category.LAUNCHER" />
31-->src/main/AndroidManifest.xml:28:17-77
31-->src/main/AndroidManifest.xml:28:27-74
32            </intent-filter>
33        </activity>
34    </application>
35
36</manifest>